<?xml version="1.0" encoding="UTF-8"?>
<!-- Generated by org.testng.reporters.JUnitReportReporter -->
<testsuite skipped="0" hostname="TL0020" name="runner.CucumberRunner" tests="2" failures="0" timestamp="2022-06-27T23:27:50 IST" time="7.216" errors="0">
  <testcase name="runScenario" time="4.884" classname="runner.CucumberRunner"/>
  <system-out/>
  <testcase name="runScenario" time="2.332" classname="runner.CucumberRunner"/>
  <system-out/>
</testsuite> <!-- runner.CucumberRunner -->
